<?xml version="1.0" encoding="UTF-8"?>
<!-- Generated by org.testng.reporters.JUnitReportReporter -->
<testsuite hostname="DESKTOP-3UAJBAE" failures="0" tests="1" name="DDFPack.DDFProj.tests.TestDemo" time="10.987" errors="0" timestamp="30 Dec 2020 11:08:46 GMT" skipped="0">
  <testcase classname="DDFPack.DDFProj.tests.TestDemo" name="testingmethod" time="10.987"/>
</testsuite> <!-- DDFPack.DDFProj.tests.TestDemo -->
